[2026-04-30 21:23:05,882] [INFO] [extract:get_latest_data_url:65] - Checking for available data (2026-4): https://d37ci6vzurychx.cloudfront.net/trip-data/yellow_tripdata_2026-04.parquet
[2026-04-30 21:23:06,537] [WARNING] [extract:get_latest_data_url:84] - No data found for 2026-4
[2026-04-30 21:23:06,537] [INFO] [extract:get_latest_data_url:65] - Checking for available data (2026-3): https://d37ci6vzurychx.cloudfront.net/trip-data/yellow_tripdata_2026-03.parquet
[2026-04-30 21:23:06,570] [INFO] [extract:get_latest_data_url:81] - Data found for 2026-3: https://d37ci6vzurychx.cloudfront.net/trip-data/yellow_tripdata_2026-03.parquet
[2026-04-30 21:23:06,570] [INFO] [extract:extract:138] - Downloading https://d37ci6vzurychx.cloudfront.net/trip-data/yellow_tripdata_2026-03.parquet...
[2026-04-30 21:23:07,736] [INFO] [extract:extract:176] - Filed saved: data/raw/yellow_tripdata_2026-03.parquet (67.9 MB)
[2026-04-30 21:23:07,737] [INFO] [transform:transform:131] - Transforming data: data/raw/yellow_tripdata_2026-03.parquet...
[2026-04-30 21:23:14,274] [ERROR] [transform:transform:158] - Schema validation failed on processed dataframe.
Column 'day_of_week' failed validation.
Failing rows: 422369
Invalid value counts (top 10):
failure_case
Monday    422369
Sample:
   index failure_case
0  78138       Monday
1  78139       Monday
2  78140       Monday
3  78141       Monday
4  78142       Monday
5  78143       Monday
6  78144       Monday
7  78145       Monday
